# JRE version: Java(TM) SE Runtime Environment (17.0.7+8) (build 17.0.7+8-LTS-224)
# Java VM: Java HotSpot(TM) 64-Bit Server VM (17.0.7+8-LTS-224, mixed mode, sharing, tiered, compressed oops, compressed class ptrs, g1 gc, windows-amd64)
GC Precious Log:
 CPUs: 8 total, 8 available
 Memory: 24484M
 Large Page Support: Disabled
 NUMA Support: Disabled
 Compressed Oops: Enabled (32-bit)
 Heap Region Size: 1M
 Heap Min Capacity: 256M
 Heap Initial Capacity: 256M
 Heap Max Capacity: 512M
 Pre-touch: Disabled
 Parallel Workers: 8
 Concurrent Workers: 2
 Concurrent Refinement Workers: 8
 Periodic GC: Disabled
Heap:
 garbage-first heap   total 262144K, used 142760K [0x00000000e0000000, 0x0000000100000000)
  region size 1024K, 78 young (79872K), 10 survivors (10240K)
 Metaspace       used 76973K, committed 77696K, reserved 389120K
  class space    used 10584K, committed 10944K, reserved 315392K
GC Heap History (18 events):
Event: 0.619 GC heap before
{Heap before GC invocations=0 (full 0):
 garbage-first heap   total 262144K, used 26624K [0x00000000e0000000, 0x0000000100000000)
  region size 1024K, 23 young (23552K), 0 survivors (0K)
 Metaspace       used 3078K, committed 3200K, reserved 323584K
  class space    used 390K, committed 448K, reserved 315392K
}
Event: 0.622 GC heap after
{Heap after GC invocations=1 (full 0):
 garbage-first heap   total 262144K, used 10572K [0x00000000e0000000, 0x0000000100000000)
  region size 1024K, 3 young (3072K), 3 survivors (3072K)
 Metaspace       used 3078K, committed 3200K, reserved 323584K
  class space    used 390K, committed 448K, reserved 315392K
}
Event: 1.011 GC heap before
{Heap before GC invocations=1 (full 0):
 garbage-first heap   total 262144K, used 37196K [0x00000000e0000000, 0x0000000100000000)
  region size 1024K, 30 young (30720K), 3 survivors (3072K)
 Metaspace       used 4071K, committed 4224K, reserved 323584K
  class space    used 495K, committed 576K, reserved 315392K
}
Event: 1.013 GC heap after
{Heap after GC invocations=2 (full 0):
 garbage-first heap   total 262144K, used 12420K [0x00000000e0000000, 0x0000000100000000)
  region size 1024K, 2 young (2048K), 2 survivors (2048K)
 Metaspace       used 4071K, committed 4224K, reserved 323584K
  class space    used 495K, committed 576K, reserved 315392K
}
Event: 3.172 GC heap before
{Heap before GC invocations=2 (full 0):
 garbage-first heap   total 262144K, used 129156K [0x00000000e0000000, 0x0000000100000000)
  region size 1024K, 116 young (118784K), 2 survivors (2048K)
 Metaspace       used 21287K, committed 21504K, reserved 339968K
  class space    used 3143K, committed 3264K, reserved 315392K
}
Event: 3.179 GC heap after
{Heap after GC invocations=3 (full 0):
 garbage-first heap   total 262144K, used 22205K [0x00000000e0000000, 0x0000000100000000)
  region size 1024K, 12 young (12288K), 12 survivors (12288K)
 Metaspace       used 21287K, committed 21504K, reserved 339968K
  class space    used 3143K, committed 3264K, reserved 315392K
}
Event: 4.696 GC heap before
{Heap before GC invocations=4 (full 0):
 garbage-first heap   total 262144K, used 137917K [0x00000000e0000000, 0x0000000100000000)
  region size 1024K, 122 young (124928K), 12 survivors (12288K)
 Metaspace       used 35713K, committed 36096K, reserved 348160K
  class space    used 4918K, committed 5120K, reserved 315392K
}
Event: 4.709 GC heap after
{Heap after GC invocations=5 (full 0):
 garbage-first heap   total 262144K, used 32293K [0x00000000e0000000, 0x0000000100000000)
  region size 1024K, 19 young (19456K), 19 survivors (19456K)
 Metaspace       used 35713K, committed 36096K, reserved 348160K
  class space    used 4918K, committed 5120K, reserved 315392K
}
Event: 4.724 GC heap before
{Heap before GC invocations=5 (full 0):
 garbage-first heap   total 262144K, used 33317K [0x00000000e0000000, 0x0000000100000000)
  region size 1024K, 20 young (20480K), 19 survivors (19456K)
 Metaspace       used 35787K, committed 36160K, reserved 348160K
  class space    used 4930K, committed 5120K, reserved 315392K
}
Event: 4.732 GC heap after
{Heap after GC invocations=6 (full 0):
 garbage-first heap   total 262144K, used 34118K [0x00000000e0000000, 0x0000000100000000)
  region size 1024K, 3 young (3072K), 3 survivors (3072K)
 Metaspace       used 35787K, committed 36160K, reserved 348160K
  class space    used 4930K, committed 5120K, reserved 315392K
}
Event: 4.769 GC heap before
{Heap before GC invocations=6 (full 0):
 garbage-first heap   total 262144K, used 36166K [0x00000000e0000000, 0x0000000100000000)
  region size 1024K, 6 young (6144K), 3 survivors (3072K)
 Metaspace       used 36011K, committed 36416K, reserved 348160K
  class space    used 4964K, committed 5184K, reserved 315392K
}
Event: 4.770 GC heap after
{Heap after GC invocations=7 (full 0):
 garbage-first heap   total 262144K, used 31995K [0x00000000e0000000, 0x0000000100000000)
  region size 1024K, 1 young (1024K), 1 survivors (1024K)
 Metaspace       used 36011K, committed 36416K, reserved 348160K
  class space    used 4964K, committed 5184K, reserved 315392K
}
Event: 7.429 GC heap before
{Heap before GC invocations=8 (full 0):
 garbage-first heap   total 262144K, used 190715K [0x00000000e0000000, 0x0000000100000000)
  region size 1024K, 147 young (150528K), 1 survivors (1024K)
 Metaspace       used 50224K, committed 50816K, reserved 364544K
  class space    used 7026K, committed 7296K, reserved 315392K
}
Event: 7.440 GC heap after
{Heap after GC invocations=9 (full 0):
 garbage-first heap   total 262144K, used 50385K [0x00000000e0000000, 0x0000000100000000)
  region size 1024K, 11 young (11264K), 11 survivors (11264K)
 Metaspace       used 50224K, committed 50816K, reserved 364544K
  class space    used 7026K, committed 7296K, reserved 315392K
}
Event: 9.319 GC heap before
{Heap before GC invocations=9 (full 0):
 garbage-first heap   total 262144K, used 198865K [0x00000000e0000000, 0x0000000100000000)
  region size 1024K, 153 young (156672K), 11 survivors (11264K)
 Metaspace       used 60416K, committed 60928K, reserved 372736K
  class space    used 8377K, committed 8640K, reserved 315392K
}
Event: 9.333 GC heap after
{Heap after GC invocations=10 (full 0):
 garbage-first heap   total 262144K, used 65622K [0x00000000e0000000, 0x0000000100000000)
  region size 1024K, 11 young (11264K), 11 survivors (11264K)
 Metaspace       used 60416K, committed 60928K, reserved 372736K
  class space    used 8377K, committed 8640K, reserved 315392K
}
Event: 11.061 GC heap before
{Heap before GC invocations=11 (full 0):
 garbage-first heap   total 262144K, used 198742K [0x00000000e0000000, 0x0000000100000000)
  region size 1024K, 141 young (144384K), 11 survivors (11264K)
 Metaspace       used 70117K, committed 70784K, reserved 380928K
  class space    used 9729K, committed 10048K, reserved 315392K
}
Event: 11.074 GC heap after
{Heap after GC invocations=12 (full 0):
 garbage-first heap   total 262144K, used 75176K [0x00000000e0000000, 0x0000000100000000)
  region size 1024K, 10 young (10240K), 10 survivors (10240K)
 Metaspace       used 70117K, committed 70784K, reserved 380928K
  class space    used 9729K, committed 10048K, reserved 315392K
}

